********************************************************************************
DUPLICATOR-LITE PACKAGE-LOG: 16 December 2020 10h45
NOTICE: Do NOT post to public sites or forums 
********************************************************************************
VERSION:	1.3.40.1
WORDPRESS:	5.6
PHP INFO:	7.3.7 | SAPI: apache2handler
SERVER:		Apache/2.2.34 (Unix) mod_wsgi/3.5 Python/2.7.13 PHP/7.3.7 mod_ssl/2.2.34 OpenSSL/1.0.2o DAV/2 mod_fastcgi/mod_fastcgi-SNAP-0910052141 mod_perl/2.0.10 Perl/v5.24.0 
PHP TIME LIMIT: (0) no time limit imposed 
PHP MAX MEMORY: 4294967296 (128M default) 
MEMORY STACK: 4.5MB

********************************************************************************
DATABASE:
********************************************************************************
BUILD MODE:   MYSQLDUMP
MYSQLTIMEOUT: 5000
MYSQLDUMP:    Is Supported
MYSQL DUMP ERROR 2

==================================================================================
DUPLICATOR ERROR
Please try again! If the error persists see the Duplicator 'Help' menu.
---------------------------------------------------------------------------------
MESSAGE:
	Erreur shell de dump mysql. Changez le script SQL à « Code PHP » dans Duplicator > Réglages > Paquets.
DETAILS:
	mysqldump: Got error: 1045: Access denied for user 'root'@'localhost' (using password: YES) when trying to connect
/* Duplicator WordPress Timestamp: 2020-12-16 10:45:04*/
/* DUPLICATOR_MYSQLDUMP_EOF */
TRACE:
	 1. class.pack.database.php : Error (546)
	 2. class.pack.database.php : mysqlDump (186)
	 3. class.pack.php : build (1311)
	 4. ctrl.package.php : runZipBuild (98)
	 5. class-wp-hook.php : duplicator_package_build (287)
	 6. class-wp-hook.php : apply_filters (311)
	 7. plugin.php : do_action (484)
	 8. admin-ajax.php : do_action (184)
==================================================================================


==================================================================================
DUPLICATOR ERROR
Please try again! If the error persists see the Duplicator 'Help' menu.
---------------------------------------------------------------------------------
MESSAGE:
	Runtime error in DUP_Database::Build. Erreur shell de dump mysql. Changez le script SQL à « Code PHP » dans Duplicator > Réglages > Paquets.
DETAILS:
	Exception: Exception: Erreur shell de dump mysql. Changez le script SQL à « Code PHP » dans Duplicator > Réglages > Paquets. in /Applications/MAMP/htdocs/renov_objet/wp-content/plugins/duplicator/classes/class.logging.php:275
Stack trace:
#0 /Applications/MAMP/htdocs/renov_objet/wp-content/plugins/duplicator/classes/package/class.pack.database.php(546): DUP_Log::Error('Erreur shell de...', 'mysqldump: Got ...', 1)
#1 /Applications/MAMP/htdocs/renov_objet/wp-content/plugins/duplicator/classes/package/class.pack.database.php(186): DUP_Database->mysqlDump('/usr/local/mysq...')
#2 /Applications/MAMP/htdocs/renov_objet/wp-content/plugins/duplicator/classes/package/class.pack.php(1311): DUP_Database->build(Object(DUP_Package), 1)
#3 /Applications/MAMP/htdocs/renov_objet/wp-content/plugins/duplicator/ctrls/ctrl.package.php(98): DUP_Package->runZipBuild()
#4 /Applications/MAMP/htdocs/renov_objet/wp-includes/class-wp-hook.php(287): duplicator_package_build('')
#5 /Applications/MAMP/htdocs/renov_objet/wp-includes/class-wp-hook.php(311): WP_Hook->apply_filters('', Array)
#6 /Applications/MAMP/htdocs/renov_objet/wp-includes/plugin.php(484): WP_Hook->do_action(Array)
#7 /Applications/MAMP/htdocs/renov_objet/wp-admin/admin-ajax.php(184): do_action('wp_ajax_duplica...')
#8 {main}
TRACE:
	 1. class.pack.database.php : Error (221)
	 2. class.pack.php : build (1311)
	 3. ctrl.package.php : runZipBuild (98)
	 4. class-wp-hook.php : duplicator_package_build (287)
	 5. class-wp-hook.php : apply_filters (311)
	 6. plugin.php : do_action (484)
	 7. admin-ajax.php : do_action (184)
==================================================================================

